<?xml version="1.0" encoding="UTF-8"?>
<!-- Generated by org.testng.reporters.JUnitXMLReporter -->
<testsuite ignored="8" hostname="Mayur" failures="0" tests="22" name="Surefire test" time="0.055" errors="0" timestamp="2023-11-20T12:00:04 IST">
  <testcase classname="com.Remosys.Wevend.TestLayer.BaseTest" name="@BeforeClass setUp" time="-1.700461804813E9">
    <failure type="org.testng.TestNGException" message="
Parameter &amp;apos;browser&amp;apos; is required by BeforeClass on method setUp but has not been marked @Optional or defined
">
      <![CDATA[org.testng.TestNGException: 
Parameter 'browser' is required by BeforeClass on method setUp but has not been marked @Optional or defined

at java.base/java.util.ArrayList.forEach(ArrayList.java:1541)
... Removed 27 stack frames]]>
    </failure>
  </testcase> <!-- @BeforeClass setUp -->
  <testcase classname="com.Remosys.Wevend.TestLayer.BaseTest" name="@AfterMethod testResult" time="-1.700461804834E9">
    <skipped/>
  </testcase> <!-- @AfterMethod testResult -->
  <testcase classname="com.Remosys.Wevend.TestLayer.BaseTest" name="@AfterClass close" time="-1.700461804838E9">
    <skipped/>
  </testcase> <!-- @AfterClass close -->
  <testcase classname="com.Remosys.Wevend.TestLayer.BaseTest" name="@BeforeClass setUp" time="-1.700461804838E9">
    <failure type="org.testng.TestNGException" message="
Parameter &amp;apos;browser&amp;apos; is required by BeforeClass on method setUp but has not been marked @Optional or defined
">
      <![CDATA[org.testng.TestNGException: 
Parameter 'browser' is required by BeforeClass on method setUp but has not been marked @Optional or defined

at java.base/java.util.ArrayList.forEach(ArrayList.java:1541)
... Removed 27 stack frames]]>
    </failure>
  </testcase> <!-- @BeforeClass setUp -->
  <testcase classname="com.Remosys.Wevend.TestLayer.BaseTest" name="@AfterMethod testResult" time="-1.700461804839E9">
    <skipped/>
  </testcase> <!-- @AfterMethod testResult -->
  <testcase classname="com.Remosys.Wevend.TestLayer.BaseTest" name="@AfterClass close" time="-1.700461804842E9">
    <skipped/>
  </testcase> <!-- @AfterClass close -->
  <testcase classname="com.Remosys.Wevend.TestLayer.BaseTest" name="@BeforeClass setUp" time="-1.700461804843E9">
    <failure type="org.testng.TestNGException" message="
Parameter &amp;apos;browser&amp;apos; is required by BeforeClass on method setUp but has not been marked @Optional or defined
">
      <![CDATA[org.testng.TestNGException: 
Parameter 'browser' is required by BeforeClass on method setUp but has not been marked @Optional or defined

at java.base/java.util.ArrayList.forEach(ArrayList.java:1541)
... Removed 27 stack frames]]>
    </failure>
  </testcase> <!-- @BeforeClass setUp -->
  <testcase classname="com.Remosys.Wevend.TestLayer.BaseTest" name="@AfterMethod testResult" time="-1.700461804844E9">
    <skipped/>
  </testcase> <!-- @AfterMethod testResult -->
  <testcase classname="com.Remosys.Wevend.TestLayer.BaseTest" name="@AfterClass close" time="-1.700461804847E9">
    <skipped/>
  </testcase> <!-- @AfterClass close -->
  <testcase classname="com.Remosys.Wevend.TestLayer.BaseTest" name="@BeforeClass setUp" time="-1.700461804848E9">
    <failure type="org.testng.TestNGException" message="
Parameter &amp;apos;browser&amp;apos; is required by BeforeClass on method setUp but has not been marked @Optional or defined
">
      <![CDATA[org.testng.TestNGException: 
Parameter 'browser' is required by BeforeClass on method setUp but has not been marked @Optional or defined

at java.base/java.util.ArrayList.forEach(ArrayList.java:1541)
... Removed 27 stack frames]]>
    </failure>
  </testcase> <!-- @BeforeClass setUp -->
  <testcase classname="com.Remosys.Wevend.TestLayer.BaseTest" name="@AfterMethod testResult" time="-1.700461804849E9">
    <skipped/>
  </testcase> <!-- @AfterMethod testResult -->
  <testcase classname="com.Remosys.Wevend.TestLayer.BaseTest" name="@AfterClass close" time="-1.700461804852E9">
    <skipped/>
  </testcase> <!-- @AfterClass close -->
  <testcase classname="com.Remosys.Wevend.TestLayer.TestCarwash" name="testCarWashLaunch" time="0.0">
    <skipped/>
  </testcase> <!-- testCarWashLaunch -->
  <testcase classname="com.Remosys.Wevend.TestLayer.TestCarwash" name="testAmountSelection" time="0.0">
    <skipped/>
  </testcase> <!-- testAmountSelection -->
  <testcase classname="com.Remosys.Wevend.TestLayer.TestCarwash" name="TestPaymentGatewayPage" time="0.0">
    <skipped/>
  </testcase> <!-- TestPaymentGatewayPage -->
  <testcase classname="com.Remosys.Wevend.TestLayer.TestCarwash" name="testCountdownTimerPage" time="0.0">
    <skipped/>
  </testcase> <!-- testCountdownTimerPage -->
  <testcase classname="com.Remosys.Wevend.TestLayer.TestCarwash" name="testSuccessfulPaymentPage" time="0.0">
    <skipped/>
  </testcase> <!-- testSuccessfulPaymentPage -->
  <testcase classname="com.Remosys.Wevend.TestLayer.TestGumBallPage" name="testGumballLaunch" time="0.0">
    <skipped/>
  </testcase> <!-- testGumballLaunch -->
  <testcase classname="com.Remosys.Wevend.TestLayer.TestGumBallPage" name="testAddToCartFunctionality" time="0.0">
    <skipped/>
  </testcase> <!-- testAddToCartFunctionality -->
  <testcase classname="com.Remosys.Wevend.TestLayer.TestGumBallPage" name="testNavigationToCheckoutPage" time="0.0">
    <skipped/>
  </testcase> <!-- testNavigationToCheckoutPage -->
  <testcase classname="com.Remosys.Wevend.TestLayer.TestGumBallPage" name="testNavigationToPaymentPage" time="0.0">
    <skipped/>
  </testcase> <!-- testNavigationToPaymentPage -->
  <testcase classname="com.Remosys.Wevend.TestLayer.TestGumBallPage" name="testPaymentProcess" time="0.0">
    <skipped/>
  </testcase> <!-- testPaymentProcess -->
  <testcase classname="com.Remosys.Wevend.TestLayer.TestGumBallPage" name="testSuccessfullPayment" time="0.0">
    <skipped/>
  </testcase> <!-- testSuccessfullPayment -->
  <testcase classname="com.Remosys.Wevend.TestLayer.TestHabcoPage" name="testHabcoLaunch" time="0.0">
    <skipped/>
  </testcase> <!-- testHabcoLaunch -->
  <testcase classname="com.Remosys.Wevend.TestLayer.TestHabcoPage" name="testAddTSoCartFunctionality" time="0.0">
    <skipped/>
  </testcase> <!-- testAddTSoCartFunctionality -->
  <testcase classname="com.Remosys.Wevend.TestLayer.TestHabcoPage" name="testNavigationToCheckoutPage" time="0.0">
    <skipped/>
  </testcase> <!-- testNavigationToCheckoutPage -->
  <testcase classname="com.Remosys.Wevend.TestLayer.TestHabcoPage" name="testNavigationToPaymentPage" time="0.0">
    <skipped/>
  </testcase> <!-- testNavigationToPaymentPage -->
  <testcase classname="com.Remosys.Wevend.TestLayer.TestHabcoPage" name="testPaymentProcess" time="0.0">
    <skipped/>
  </testcase> <!-- testPaymentProcess -->
  <testcase classname="com.Remosys.Wevend.TestLayer.TestHabcoPage" name="testSuccessfullPayment" time="0.0">
    <skipped/>
  </testcase> <!-- testSuccessfullPayment -->
  <testcase classname="com.Remosys.Wevend.TestLayer.TestWevendStore" name="testLaunchWevend" time="0.0">
    <skipped/>
  </testcase> <!-- testLaunchWevend -->
  <testcase classname="com.Remosys.Wevend.TestLayer.TestWevendStore" name="testAddTocartFunctionality" time="0.0">
    <skipped/>
  </testcase> <!-- testAddTocartFunctionality -->
  <testcase classname="com.Remosys.Wevend.TestLayer.TestWevendStore" name="testCheckoutPage" time="0.0">
    <skipped/>
  </testcase> <!-- testCheckoutPage -->
  <testcase classname="com.Remosys.Wevend.TestLayer.TestWevendStore" name="testPaymentGatewayPage" time="0.0">
    <skipped/>
  </testcase> <!-- testPaymentGatewayPage -->
  <testcase classname="com.Remosys.Wevend.TestLayer.TestWevendStore" name="testSuccessfullPayment" time="0.0">
    <skipped/>
  </testcase> <!-- testSuccessfullPayment -->
  <testcase classname="com.Remosys.Wevend.TestLayer.BaseTest" name="@AfterSuite closeReporter" time="0.0">
    <ignored/>
  </testcase> <!-- @AfterSuite closeReporter -->
  <testcase classname="com.Remosys.Wevend.TestLayer.BaseTest" name="@AfterSuite closeReporter" time="0.0">
    <ignored/>
  </testcase> <!-- @AfterSuite closeReporter -->
  <testcase classname="com.Remosys.Wevend.TestLayer.BaseTest" name="@AfterSuite closeReporter" time="0.0">
    <ignored/>
  </testcase> <!-- @AfterSuite closeReporter -->
  <testcase classname="com.Remosys.Wevend.TestLayer.BaseTest" name="@AfterSuite closeReporter" time="0.0">
    <ignored/>
  </testcase> <!-- @AfterSuite closeReporter -->
  <testcase classname="com.Remosys.Wevend.TestLayer.BaseTest" name="@BeforeSuite startReporter" time="0.0">
    <ignored/>
  </testcase> <!-- @BeforeSuite startReporter -->
  <testcase classname="com.Remosys.Wevend.TestLayer.BaseTest" name="@BeforeSuite startReporter" time="0.0">
    <ignored/>
  </testcase> <!-- @BeforeSuite startReporter -->
  <testcase classname="com.Remosys.Wevend.TestLayer.BaseTest" name="@BeforeSuite startReporter" time="0.0">
    <ignored/>
  </testcase> <!-- @BeforeSuite startReporter -->
  <testcase classname="com.Remosys.Wevend.TestLayer.BaseTest" name="@BeforeSuite startReporter" time="0.0">
    <ignored/>
  </testcase> <!-- @BeforeSuite startReporter -->
</testsuite> <!-- Surefire test -->
