<!DOCTYPE html>

<html>
  <head>
  <meta charset='utf-8'>
  <title>TestNG reports</title>

    <link type="text/css" href="testng-reports1.css" rel="stylesheet" id="ultra" />
    <link type="text/css" href="testng-reports.css" rel="stylesheet" id="retro" disabled="false"/>
    <script type="text/javascript" src="jquery.min.js"></script>
    <script type="text/javascript" src="testng-reports.js"></script>
    <script type="text/javascript" src="https://www.google.com/jsapi"></script>
    <script type='text/javascript'>
      google.load('visualization', '1', {packages:['table']});
      google.setOnLoadCallback(drawTable);
      var suiteTableInitFunctions = new Array();
      var suiteTableData = new Array();
    </script>
    <!--
      <script type="text/javascript" src="jquery-ui/js/jquery-ui-1.8.16.custom.min.js"></script>
     -->
  </head>

  <body>
    <div class="top-banner-root">
      <span class="top-banner-title-font">Test results</span>
      <button id="button" class="button">Switch Retro Theme</button> <!-- button -->
      <br/>
      <span class="top-banner-font-1">1 suite, 2 failed tests</span>
    </div> <!-- top-banner-root -->
    <div class="navigator-root">
      <div class="navigator-suite-header">
        <span>All suites</span>
        <a href="#" title="Collapse/expand all the suites" class="collapse-all-link">
          <img src="collapseall.gif" class="collapse-all-icon">
          </img> <!-- collapse-all-icon -->
        </a> <!-- collapse-all-link -->
      </div> <!-- navigator-suite-header -->
      <div class="suite">
        <div class="rounded-window">
          <div class="suite-header light-rounded-window-top">
            <a href="#" panel-name="suite-Suite" class="navigator-link">
              <span class="suite-name border-failed">Suite</span>
            </a> <!-- navigator-link -->
          </div> <!-- suite-header light-rounded-window-top -->
          <div class="navigator-suite-content">
            <div class="suite-section-title">
              <span>Info</span>
            </div> <!-- suite-section-title -->
            <div class="suite-section-content">
              <ul>
                <li>
                  <a href="#" panel-name="test-xml-Suite" class="navigator-link ">
                    <span>C:\Users\Soft\git\ProjectWW\testng.xml</span>
                  </a> <!-- navigator-link  -->
                </li>
                <li>
                  <a href="#" panel-name="testlist-Suite" class="navigator-link ">
                    <span class="test-stats">1 test</span>
                  </a> <!-- navigator-link  -->
                </li>
                <li>
                  <a href="#" panel-name="group-Suite" class="navigator-link ">
                    <span>0 groups</span>
                  </a> <!-- navigator-link  -->
                </li>
                <li>
                  <a href="#" panel-name="times-Suite" class="navigator-link ">
                    <span>Times</span>
                  </a> <!-- navigator-link  -->
                </li>
                <li>
                  <a href="#" panel-name="reporter-Suite" class="navigator-link ">
                    <span>Reporter output</span>
                  </a> <!-- navigator-link  -->
                </li>
                <li>
                  <a href="#" panel-name="ignored-methods-Suite" class="navigator-link ">
                    <span>Ignored methods</span>
                  </a> <!-- navigator-link  -->
                </li>
                <li>
                  <a href="#" panel-name="chronological-Suite" class="navigator-link ">
                    <span>Chronological view</span>
                  </a> <!-- navigator-link  -->
                </li>
              </ul>
            </div> <!-- suite-section-content -->
            <div class="result-section">
              <div class="suite-section-title">
                <span>Results</span>
              </div> <!-- suite-section-title -->
              <div class="suite-section-content">
                <ul>
                  <li>
                    <span class="method-stats">12 methods, 2 failed,   10 passed</span>
                  </li>
                  <li>
                    <span class="method-list-title failed">Failed methods</span>
                    <span class="show-or-hide-methods failed">
                      <a href="#" panel-name="suite-Suite" class="hide-methods failed suite-Suite"> (hide)</a> <!-- hide-methods failed suite-Suite -->
                      <a href="#" panel-name="suite-Suite" class="show-methods failed suite-Suite"> (show)</a> <!-- show-methods failed suite-Suite -->
                    </span>
                    <div class="method-list-content failed suite-Suite">
                      <span>
                        <img src="failed.png" width="3%"/>
                        <a href="#" panel-name="suite-Suite" title="com.Remosys.Wevend.TestLayer.TestGumBallPage" class="method navigator-link" hash-for-method="testSuccessfullPayment">testSuccessfullPayment</a> <!-- method navigator-link -->
                      </span>
                      <br/>
                      <span>
                        <img src="failed.png" width="3%"/>
                        <a href="#" panel-name="suite-Suite" title="com.Remosys.Wevend.TestLayer.TestHabcoPage" class="method navigator-link" hash-for-method="testSuccessfullPayment">testSuccessfullPayment</a> <!-- method navigator-link -->
                      </span>
                      <br/>
                    </div> <!-- method-list-content failed suite-Suite -->
                  </li>
                  <li>
                    <span class="method-list-title passed">Passed methods</span>
                    <span class="show-or-hide-methods passed">
                      <a href="#" panel-name="suite-Suite" class="hide-methods passed suite-Suite"> (hide)</a> <!-- hide-methods passed suite-Suite -->
                      <a href="#" panel-name="suite-Suite" class="show-methods passed suite-Suite"> (show)</a> <!-- show-methods passed suite-Suite -->
                    </span>
                    <div class="method-list-content passed suite-Suite">
                      <span>
                        <img src="passed.png" width="3%"/>
                        <a href="#" panel-name="suite-Suite" title="com.Remosys.Wevend.TestLayer.TestHabcoPage" class="method navigator-link" hash-for-method="testAddTSoCartFunctionality">testAddTSoCartFunctionality</a> <!-- method navigator-link -->
                      </span>
                      <br/>
                      <span>
                        <img src="passed.png" width="3%"/>
                        <a href="#" panel-name="suite-Suite" title="com.Remosys.Wevend.TestLayer.TestGumBallPage" class="method navigator-link" hash-for-method="testAddToCartFunctionality">testAddToCartFunctionality</a> <!-- method navigator-link -->
                      </span>
                      <br/>
                      <span>
                        <img src="passed.png" width="3%"/>
                        <a href="#" panel-name="suite-Suite" title="com.Remosys.Wevend.TestLayer.TestGumBallPage" class="method navigator-link" hash-for-method="testGumballLaunch">testGumballLaunch</a> <!-- method navigator-link -->
                      </span>
                      <br/>
                      <span>
                        <img src="passed.png" width="3%"/>
                        <a href="#" panel-name="suite-Suite" title="com.Remosys.Wevend.TestLayer.TestHabcoPage" class="method navigator-link" hash-for-method="testHabcoLaunch">testHabcoLaunch</a> <!-- method navigator-link -->
                      </span>
                      <br/>
                      <span>
                        <img src="passed.png" width="3%"/>
                        <a href="#" panel-name="suite-Suite" title="com.Remosys.Wevend.TestLayer.TestGumBallPage" class="method navigator-link" hash-for-method="testNavigationToCheckoutPage">testNavigationToCheckoutPage</a> <!-- method navigator-link -->
                      </span>
                      <br/>
                      <span>
                        <img src="passed.png" width="3%"/>
                        <a href="#" panel-name="suite-Suite" title="com.Remosys.Wevend.TestLayer.TestHabcoPage" class="method navigator-link" hash-for-method="testNavigationToCheckoutPage">testNavigationToCheckoutPage</a> <!-- method navigator-link -->
                      </span>
                      <br/>
                      <span>
                        <img src="passed.png" width="3%"/>
                        <a href="#" panel-name="suite-Suite" title="com.Remosys.Wevend.TestLayer.TestHabcoPage" class="method navigator-link" hash-for-method="testNavigationToPaymentPage">testNavigationToPaymentPage</a> <!-- method navigator-link -->
                      </span>
                      <br/>
                      <span>
                        <img src="passed.png" width="3%"/>
                        <a href="#" panel-name="suite-Suite" title="com.Remosys.Wevend.TestLayer.TestGumBallPage" class="method navigator-link" hash-for-method="testNavigationToPaymentPage">testNavigationToPaymentPage</a> <!-- method navigator-link -->
                      </span>
                      <br/>
                      <span>
                        <img src="passed.png" width="3%"/>
                        <a href="#" panel-name="suite-Suite" title="com.Remosys.Wevend.TestLayer.TestGumBallPage" class="method navigator-link" hash-for-method="testPaymentProcess">testPaymentProcess</a> <!-- method navigator-link -->
                      </span>
                      <br/>
                      <span>
                        <img src="passed.png" width="3%"/>
                        <a href="#" panel-name="suite-Suite" title="com.Remosys.Wevend.TestLayer.TestHabcoPage" class="method navigator-link" hash-for-method="testPaymentProcess">testPaymentProcess</a> <!-- method navigator-link -->
                      </span>
                      <br/>
                    </div> <!-- method-list-content passed suite-Suite -->
                  </li>
                </ul>
              </div> <!-- suite-section-content -->
            </div> <!-- result-section -->
          </div> <!-- navigator-suite-content -->
        </div> <!-- rounded-window -->
      </div> <!-- suite -->
    </div> <!-- navigator-root -->
    <div class="wrapper">
      <div class="main-panel-root">
        <div panel-name="suite-Suite" class="panel Suite">
          <div class="suite-Suite-class-failed">
            <div class="main-panel-header rounded-window-top">
              <img src="failed.png"/>
              <span class="class-name">com.Remosys.Wevend.TestLayer.TestHabcoPage</span>
            </div> <!-- main-panel-header rounded-window-top -->
            <div class="main-panel-content rounded-window-bottom">
              <div class="method">
                <div class="method-content">
                  <a name="testSuccessfullPayment">
                  </a> <!-- testSuccessfullPayment -->
                  <span class="method-name">testSuccessfullPayment</span>
                  <div class="stack-trace">org.openqa.selenium.TimeoutException: Expected condition failed: waiting for visibility of Proxy element for: DefaultElementLocator &apos;By.xpath: //span[contains(text(),&apos;Thank you&apos;)]&apos; (tried for 15 second(s) with 500 milliseconds interval)
	at org.openqa.selenium.support.ui.WebDriverWait.timeoutException(WebDriverWait.java:84)
	at org.openqa.selenium.support.ui.FluentWait.until(FluentWait.java:230)
	at com.Remosys.WeVend.utility.Utility.waitForVisibilityOfElement(Utility.java:109)
	at com.Remosys.WeVend.PageLayer.HabcoPage.verifySuccessfulPayment(HabcoPage.java:258)
	at com.Remosys.Wevend.TestLayer.TestHabcoPage.testSuccessfullPayment(TestHabcoPage.java:195)
	at java.base/java.util.ArrayList.forEach(ArrayList.java:1541)
Caused by: org.openqa.selenium.NoSuchElementException: no such element: Unable to locate element: {&quot;method&quot;:&quot;xpath&quot;,&quot;selector&quot;:&quot;//span[contains(text(),&apos;Thank you&apos;)]&quot;}
  (Session info: chrome=119.0.6045.160)
For documentation on this error, please visit: https://www.selenium.dev/documentation/webdriver/troubleshooting/errors#no-such-element-exception
Build info: version: &apos;4.13.0&apos;, revision: &apos;ba948ece5b*&apos;
System info: os.name: &apos;Windows 11&apos;, os.arch: &apos;amd64&apos;, os.version: &apos;10.0&apos;, java.version: &apos;11.0.20&apos;
Driver info: org.openqa.selenium.chrome.ChromeDriver
Command: [3eb24f1b34fcb3a1a24d3605e7945620, findElement {using=xpath, value=//span[contains(text(),&apos;Thank you&apos;)]}]
Capabilities {acceptInsecureCerts: false, browserName: chrome, browserVersion: 119.0.6045.160, chrome: {chromedriverVersion: 119.0.6045.105 (38c72552c5e..., userDataDir: C:\Users\Soft\AppData\Local...}, fedcm:accounts: true, goog:chromeOptions: {debuggerAddress: localhost:54250}, networkConnectionEnabled: false, pageLoadStrategy: normal, platformName: windows, proxy: Proxy(), se:cdp: ws://localhost:54250/devtoo..., se:cdpVersion: 119.0.6045.160, setWindowRect: true, strictFileInteractability: false, timeouts: {implicit: 0, pageLoad: 300000, script: 30000}, unhandledPromptBehavior: dismiss and notify, webauthn:extension:credBlob: true, webauthn:extension:largeBlob: true, webauthn:extension:minPinLength: true, webauthn:extension:prf: true, webauthn:virtualAuthenticators: true}
Session ID: 3eb24f1b34fcb3a1a24d3605e7945620
	at org.openqa.selenium.remote.codec.w3c.W3CHttpResponseCodec.createException(W3CHttpResponseCodec.java:200)
	at org.openqa.selenium.remote.codec.w3c.W3CHttpResponseCodec.decode(W3CHttpResponseCodec.java:133)
	at org.openqa.selenium.remote.codec.w3c.W3CHttpResponseCodec.decode(W3CHttpResponseCodec.java:52)
	at org.openqa.selenium.remote.HttpCommandExecutor.execute(HttpCommandExecutor.java:191)
	at org.openqa.selenium.remote.service.DriverCommandExecutor.invokeExecute(DriverCommandExecutor.java:196)
	at org.openqa.selenium.remote.service.DriverCommandExecutor.execute(DriverCommandExecutor.java:171)
	at org.openqa.selenium.remote.RemoteWebDriver.execute(RemoteWebDriver.java:602)
	at org.openqa.selenium.remote.ElementLocation$ElementFinder$2.findElement(ElementLocation.java:165)
	at org.openqa.selenium.remote.ElementLocation.findElement(ElementLocation.java:59)
	at org.openqa.selenium.remote.RemoteWebDriver.findElement(RemoteWebDriver.java:359)
	at org.openqa.selenium.remote.RemoteWebDriver.findElement(RemoteWebDriver.java:353)
	at org.openqa.selenium.support.pagefactory.DefaultElementLocator.findElement(DefaultElementLocator.java:68)
	at org.openqa.selenium.support.pagefactory.internal.LocatingElementHandler.invoke(LocatingElementHandler.java:38)
	at com.sun.proxy.$Proxy18.isDisplayed(Unknown Source)
	at org.openqa.selenium.support.ui.ExpectedConditions.elementIfVisible(ExpectedConditions.java:304)
	at org.openqa.selenium.support.ui.ExpectedConditions.access$000(ExpectedConditions.java:37)
	at org.openqa.selenium.support.ui.ExpectedConditions$10.apply(ExpectedConditions.java:290)
	at org.openqa.selenium.support.ui.ExpectedConditions$10.apply(ExpectedConditions.java:287)
	at org.openqa.selenium.support.ui.FluentWait.until(FluentWait.java:205)
	... 35 more
... Removed 35 stack frames
</div> <!-- stack-trace -->
                </div> <!-- method-content -->
              </div> <!-- method -->
            </div> <!-- main-panel-content rounded-window-bottom -->
          </div> <!-- suite-Suite-class-failed -->
          <div class="suite-Suite-class-failed">
            <div class="main-panel-header rounded-window-top">
              <img src="failed.png"/>
              <span class="class-name">com.Remosys.Wevend.TestLayer.TestGumBallPage</span>
            </div> <!-- main-panel-header rounded-window-top -->
            <div class="main-panel-content rounded-window-bottom">
              <div class="method">
                <div class="method-content">
                  <a name="testSuccessfullPayment">
                  </a> <!-- testSuccessfullPayment -->
                  <span class="method-name">testSuccessfullPayment</span>
                  <div class="stack-trace">org.openqa.selenium.TimeoutException: Expected condition failed: waiting for visibility of Proxy element for: DefaultElementLocator &apos;By.xpath: //span[contains(text(),&apos;Thank you&apos;)]&apos; (tried for 15 second(s) with 500 milliseconds interval)
	at org.openqa.selenium.support.ui.WebDriverWait.timeoutException(WebDriverWait.java:84)
	at org.openqa.selenium.support.ui.FluentWait.until(FluentWait.java:230)
	at com.Remosys.WeVend.utility.Utility.waitForVisibilityOfElement(Utility.java:109)
	at com.Remosys.WeVend.PageLayer.GumBallPage.verifySuccessfulPayment(GumBallPage.java:299)
	at com.Remosys.Wevend.TestLayer.TestGumBallPage.testSuccessfullPayment(TestGumBallPage.java:193)
	at java.base/java.util.ArrayList.forEach(ArrayList.java:1541)
Caused by: org.openqa.selenium.NoSuchElementException: no such element: Unable to locate element: {&quot;method&quot;:&quot;xpath&quot;,&quot;selector&quot;:&quot;//span[contains(text(),&apos;Thank you&apos;)]&quot;}
  (Session info: chrome=119.0.6045.160)
For documentation on this error, please visit: https://www.selenium.dev/documentation/webdriver/troubleshooting/errors#no-such-element-exception
Build info: version: &apos;4.13.0&apos;, revision: &apos;ba948ece5b*&apos;
System info: os.name: &apos;Windows 11&apos;, os.arch: &apos;amd64&apos;, os.version: &apos;10.0&apos;, java.version: &apos;11.0.20&apos;
Driver info: org.openqa.selenium.chrome.ChromeDriver
Command: [c5a6e16c3f3a51e91724562cb7ed3618, findElement {using=xpath, value=//span[contains(text(),&apos;Thank you&apos;)]}]
Capabilities {acceptInsecureCerts: false, browserName: chrome, browserVersion: 119.0.6045.160, chrome: {chromedriverVersion: 119.0.6045.105 (38c72552c5e..., userDataDir: C:\Users\Soft\AppData\Local...}, fedcm:accounts: true, goog:chromeOptions: {debuggerAddress: localhost:54324}, networkConnectionEnabled: false, pageLoadStrategy: normal, platformName: windows, proxy: Proxy(), se:cdp: ws://localhost:54324/devtoo..., se:cdpVersion: 119.0.6045.160, setWindowRect: true, strictFileInteractability: false, timeouts: {implicit: 0, pageLoad: 300000, script: 30000}, unhandledPromptBehavior: dismiss and notify, webauthn:extension:credBlob: true, webauthn:extension:largeBlob: true, webauthn:extension:minPinLength: true, webauthn:extension:prf: true, webauthn:virtualAuthenticators: true}
Session ID: c5a6e16c3f3a51e91724562cb7ed3618
	at org.openqa.selenium.remote.codec.w3c.W3CHttpResponseCodec.createException(W3CHttpResponseCodec.java:200)
	at org.openqa.selenium.remote.codec.w3c.W3CHttpResponseCodec.decode(W3CHttpResponseCodec.java:133)
	at org.openqa.selenium.remote.codec.w3c.W3CHttpResponseCodec.decode(W3CHttpResponseCodec.java:52)
	at org.openqa.selenium.remote.HttpCommandExecutor.execute(HttpCommandExecutor.java:191)
	at org.openqa.selenium.remote.service.DriverCommandExecutor.invokeExecute(DriverCommandExecutor.java:196)
	at org.openqa.selenium.remote.service.DriverCommandExecutor.execute(DriverCommandExecutor.java:171)
	at org.openqa.selenium.remote.RemoteWebDriver.execute(RemoteWebDriver.java:602)
	at org.openqa.selenium.remote.ElementLocation$ElementFinder$2.findElement(ElementLocation.java:165)
	at org.openqa.selenium.remote.ElementLocation.findElement(ElementLocation.java:59)
	at org.openqa.selenium.remote.RemoteWebDriver.findElement(RemoteWebDriver.java:359)
	at org.openqa.selenium.remote.RemoteWebDriver.findElement(RemoteWebDriver.java:353)
	at org.openqa.selenium.support.pagefactory.DefaultElementLocator.findElement(DefaultElementLocator.java:68)
	at org.openqa.selenium.support.pagefactory.internal.LocatingElementHandler.invoke(LocatingElementHandler.java:38)
	at com.sun.proxy.$Proxy18.isDisplayed(Unknown Source)
	at org.openqa.selenium.support.ui.ExpectedConditions.elementIfVisible(ExpectedConditions.java:304)
	at org.openqa.selenium.support.ui.ExpectedConditions.access$000(ExpectedConditions.java:37)
	at org.openqa.selenium.support.ui.ExpectedConditions$10.apply(ExpectedConditions.java:290)
	at org.openqa.selenium.support.ui.ExpectedConditions$10.apply(ExpectedConditions.java:287)
	at org.openqa.selenium.support.ui.FluentWait.until(FluentWait.java:205)
	... 35 more
... Removed 35 stack frames
</div> <!-- stack-trace -->
                </div> <!-- method-content -->
              </div> <!-- method -->
            </div> <!-- main-panel-content rounded-window-bottom -->
          </div> <!-- suite-Suite-class-failed -->
          <div class="suite-Suite-class-passed">
            <div class="main-panel-header rounded-window-top">
              <img src="passed.png"/>
              <span class="class-name">com.Remosys.Wevend.TestLayer.TestHabcoPage</span>
            </div> <!-- main-panel-header rounded-window-top -->
            <div class="main-panel-content rounded-window-bottom">
              <div class="method">
                <div class="method-content">
                  <a name="testAddTSoCartFunctionality">
                  </a> <!-- testAddTSoCartFunctionality -->
                  <span class="method-name">testAddTSoCartFunctionality</span>
                </div> <!-- method-content -->
              </div> <!-- method -->
              <div class="method">
                <div class="method-content">
                  <a name="testHabcoLaunch">
                  </a> <!-- testHabcoLaunch -->
                  <span class="method-name">testHabcoLaunch</span>
                </div> <!-- method-content -->
              </div> <!-- method -->
              <div class="method">
                <div class="method-content">
                  <a name="testNavigationToCheckoutPage">
                  </a> <!-- testNavigationToCheckoutPage -->
                  <span class="method-name">testNavigationToCheckoutPage</span>
                </div> <!-- method-content -->
              </div> <!-- method -->
              <div class="method">
                <div class="method-content">
                  <a name="testNavigationToPaymentPage">
                  </a> <!-- testNavigationToPaymentPage -->
                  <span class="method-name">testNavigationToPaymentPage</span>
                </div> <!-- method-content -->
              </div> <!-- method -->
              <div class="method">
                <div class="method-content">
                  <a name="testPaymentProcess">
                  </a> <!-- testPaymentProcess -->
                  <span class="method-name">testPaymentProcess</span>
                </div> <!-- method-content -->
              </div> <!-- method -->
            </div> <!-- main-panel-content rounded-window-bottom -->
          </div> <!-- suite-Suite-class-passed -->
          <div class="suite-Suite-class-passed">
            <div class="main-panel-header rounded-window-top">
              <img src="passed.png"/>
              <span class="class-name">com.Remosys.Wevend.TestLayer.TestGumBallPage</span>
            </div> <!-- main-panel-header rounded-window-top -->
            <div class="main-panel-content rounded-window-bottom">
              <div class="method">
                <div class="method-content">
                  <a name="testAddToCartFunctionality">
                  </a> <!-- testAddToCartFunctionality -->
                  <span class="method-name">testAddToCartFunctionality</span>
                </div> <!-- method-content -->
              </div> <!-- method -->
              <div class="method">
                <div class="method-content">
                  <a name="testGumballLaunch">
                  </a> <!-- testGumballLaunch -->
                  <span class="method-name">testGumballLaunch</span>
                </div> <!-- method-content -->
              </div> <!-- method -->
              <div class="method">
                <div class="method-content">
                  <a name="testNavigationToCheckoutPage">
                  </a> <!-- testNavigationToCheckoutPage -->
                  <span class="method-name">testNavigationToCheckoutPage</span>
                </div> <!-- method-content -->
              </div> <!-- method -->
              <div class="method">
                <div class="method-content">
                  <a name="testNavigationToPaymentPage">
                  </a> <!-- testNavigationToPaymentPage -->
                  <span class="method-name">testNavigationToPaymentPage</span>
                </div> <!-- method-content -->
              </div> <!-- method -->
              <div class="method">
                <div class="method-content">
                  <a name="testPaymentProcess">
                  </a> <!-- testPaymentProcess -->
                  <span class="method-name">testPaymentProcess</span>
                </div> <!-- method-content -->
              </div> <!-- method -->
            </div> <!-- main-panel-content rounded-window-bottom -->
          </div> <!-- suite-Suite-class-passed -->
        </div> <!-- panel Suite -->
        <div panel-name="test-xml-Suite" class="panel">
          <div class="main-panel-header rounded-window-top">
            <span class="header-content">C:\Users\Soft\git\ProjectWW\testng.xml</span>
          </div> <!-- main-panel-header rounded-window-top -->
          <div class="main-panel-content rounded-window-bottom">
            <pre>
&lt;?xml version=&quot;1.0&quot; encoding=&quot;UTF-8&quot;?&gt;
&lt;!DOCTYPE suite SYSTEM &quot;https://testng.org/testng-1.0.dtd&quot;&gt;
&lt;suite name=&quot;Suite&quot; guice-stage=&quot;DEVELOPMENT&quot; verbose=&quot;0&quot;&gt;
  &lt;test thread-count=&quot;5&quot; name=&quot;Wevend&quot; verbose=&quot;0&quot;&gt;
    &lt;parameter name=&quot;browser&quot; value=&quot;chrome&quot;/&gt;
    &lt;classes&gt;
      &lt;class name=&quot;com.Remosys.Wevend.TestLayer.TestHabcoPage&quot;/&gt;
      &lt;class name=&quot;com.Remosys.Wevend.TestLayer.TestGumBallPage&quot;/&gt;
    &lt;/classes&gt;
  &lt;/test&gt; &lt;!-- Wevend --&gt;
&lt;/suite&gt; &lt;!-- Suite --&gt;
            </pre>
          </div> <!-- main-panel-content rounded-window-bottom -->
        </div> <!-- panel -->
        <div panel-name="testlist-Suite" class="panel">
          <div class="main-panel-header rounded-window-top">
            <span class="header-content">Tests for Suite</span>
          </div> <!-- main-panel-header rounded-window-top -->
          <div class="main-panel-content rounded-window-bottom">
            <ul>
              <li>
                <span class="test-name">Wevend (2 classes)</span>
              </li>
            </ul>
          </div> <!-- main-panel-content rounded-window-bottom -->
        </div> <!-- panel -->
        <div panel-name="group-Suite" class="panel">
          <div class="main-panel-header rounded-window-top">
            <span class="header-content">Groups for Suite</span>
          </div> <!-- main-panel-header rounded-window-top -->
          <div class="main-panel-content rounded-window-bottom">
          </div> <!-- main-panel-content rounded-window-bottom -->
        </div> <!-- panel -->
        <div panel-name="times-Suite" class="panel">
          <div class="main-panel-header rounded-window-top">
            <span class="header-content">Times for Suite</span>
          </div> <!-- main-panel-header rounded-window-top -->
          <div class="main-panel-content rounded-window-bottom">
            <div class="times-div">
              <script type="text/javascript">
suiteTableInitFunctions.push('tableData_Suite');
function tableData_Suite() {
var data = new google.visualization.DataTable();
data.addColumn('number', 'Number');
data.addColumn('string', 'Method');
data.addColumn('string', 'Class');
data.addColumn('number', 'Time (ms)');
data.addRows(12);
data.setCell(0, 0, 0)
data.setCell(0, 1, 'testSuccessfullPayment')
data.setCell(0, 2, 'com.Remosys.Wevend.TestLayer.TestHabcoPage')
data.setCell(0, 3, 21171);
data.setCell(1, 0, 1)
data.setCell(1, 1, 'testSuccessfullPayment')
data.setCell(1, 2, 'com.Remosys.Wevend.TestLayer.TestGumBallPage')
data.setCell(1, 3, 21154);
data.setCell(2, 0, 2)
data.setCell(2, 1, 'testNavigationToPaymentPage')
data.setCell(2, 2, 'com.Remosys.Wevend.TestLayer.TestHabcoPage')
data.setCell(2, 3, 7328);
data.setCell(3, 0, 3)
data.setCell(3, 1, 'testNavigationToPaymentPage')
data.setCell(3, 2, 'com.Remosys.Wevend.TestLayer.TestGumBallPage')
data.setCell(3, 3, 4774);
data.setCell(4, 0, 4)
data.setCell(4, 1, 'testAddTSoCartFunctionality')
data.setCell(4, 2, 'com.Remosys.Wevend.TestLayer.TestHabcoPage')
data.setCell(4, 3, 3356);
data.setCell(5, 0, 5)
data.setCell(5, 1, 'testPaymentProcess')
data.setCell(5, 2, 'com.Remosys.Wevend.TestLayer.TestHabcoPage')
data.setCell(5, 3, 3224);
data.setCell(6, 0, 6)
data.setCell(6, 1, 'testAddToCartFunctionality')
data.setCell(6, 2, 'com.Remosys.Wevend.TestLayer.TestGumBallPage')
data.setCell(6, 3, 3206);
data.setCell(7, 0, 7)
data.setCell(7, 1, 'testGumballLaunch')
data.setCell(7, 2, 'com.Remosys.Wevend.TestLayer.TestGumBallPage')
data.setCell(7, 3, 1786);
data.setCell(8, 0, 8)
data.setCell(8, 1, 'testHabcoLaunch')
data.setCell(8, 2, 'com.Remosys.Wevend.TestLayer.TestHabcoPage')
data.setCell(8, 3, 1421);
data.setCell(9, 0, 9)
data.setCell(9, 1, 'testNavigationToCheckoutPage')
data.setCell(9, 2, 'com.Remosys.Wevend.TestLayer.TestGumBallPage')
data.setCell(9, 3, 1091);
data.setCell(10, 0, 10)
data.setCell(10, 1, 'testPaymentProcess')
data.setCell(10, 2, 'com.Remosys.Wevend.TestLayer.TestGumBallPage')
data.setCell(10, 3, 1005);
data.setCell(11, 0, 11)
data.setCell(11, 1, 'testNavigationToCheckoutPage')
data.setCell(11, 2, 'com.Remosys.Wevend.TestLayer.TestHabcoPage')
data.setCell(11, 3, 898);
window.suiteTableData['Suite']= { tableData: data, tableDiv: 'times-div-Suite'}
return data;
}
              </script>
              <span class="suite-total-time">Total running time: 1 minutes</span>
              <div id="times-div-Suite">
              </div> <!-- times-div-Suite -->
            </div> <!-- times-div -->
          </div> <!-- main-panel-content rounded-window-bottom -->
        </div> <!-- panel -->
        <div panel-name="reporter-Suite" class="panel">
          <div class="main-panel-header rounded-window-top">
            <span class="header-content">Reporter output for Suite</span>
          </div> <!-- main-panel-header rounded-window-top -->
          <div class="main-panel-content rounded-window-bottom">
          </div> <!-- main-panel-content rounded-window-bottom -->
        </div> <!-- panel -->
        <div panel-name="ignored-methods-Suite" class="panel">
          <div class="main-panel-header rounded-window-top">
            <span class="header-content">2 ignored methods</span>
          </div> <!-- main-panel-header rounded-window-top -->
          <div class="main-panel-content rounded-window-bottom">
            <div class="ignored-class-div">
              <span class="ignored-class-name">com.Remosys.Wevend.TestLayer.TestGumBallPage</span>
              <div class="ignored-methods-div">
                <span class="ignored-method-name">closeReporter</span>
                <br/>
                <span class="ignored-method-name">startReporter</span>
                <br/>
              </div> <!-- ignored-methods-div -->
            </div> <!-- ignored-class-div -->
          </div> <!-- main-panel-content rounded-window-bottom -->
        </div> <!-- panel -->
        <div panel-name="chronological-Suite" class="panel">
          <div class="main-panel-header rounded-window-top">
            <span class="header-content">Methods in chronological order</span>
          </div> <!-- main-panel-header rounded-window-top -->
          <div class="main-panel-content rounded-window-bottom">
            <div class="chronological-class">
              <div class="chronological-class-name">com.Remosys.Wevend.TestLayer.TestHabcoPage</div> <!-- chronological-class-name -->
              <div class="configuration-suite before">
                <span class="method-name">startReporter</span>
                <span class="method-start">0 ms</span>
              </div> <!-- configuration-suite before -->
              <div class="configuration-class before">
                <span class="method-name">setUp(chrome)</span>
                <span class="method-start">176 ms</span>
              </div> <!-- configuration-class before -->
              <div class="test-method">
                <span class="method-name">testHabcoLaunch</span>
                <span class="method-start">6043 ms</span>
              </div> <!-- test-method -->
              <div class="configuration-method after">
                <span class="method-name">testResult([TestResult name=testHabcoLaunch status=SUCCESS method=TestHabcoPage.testHabcoLaunch()[pri:0, instan...)</span>
                <span class="method-start">7470 ms</span>
              </div> <!-- configuration-method after -->
              <div class="test-method">
                <span class="method-name">testAddTSoCartFunctionality</span>
                <span class="method-start">7485 ms</span>
              </div> <!-- test-method -->
              <div class="configuration-method after">
                <span class="method-name">testResult([TestResult name=testAddTSoCartFunctionality status=SUCCESS method=TestHabcoPage.testAddTSoCartFunct...)</span>
                <span class="method-start">10841 ms</span>
              </div> <!-- configuration-method after -->
              <div class="test-method">
                <span class="method-name">testNavigationToCheckoutPage</span>
                <span class="method-start">10842 ms</span>
              </div> <!-- test-method -->
              <div class="configuration-method after">
                <span class="method-name">testResult([TestResult name=testNavigationToCheckoutPage status=SUCCESS method=TestHabcoPage.testNavigationToCh...)</span>
                <span class="method-start">11740 ms</span>
              </div> <!-- configuration-method after -->
              <div class="test-method">
                <span class="method-name">testNavigationToPaymentPage</span>
                <span class="method-start">11741 ms</span>
              </div> <!-- test-method -->
              <div class="configuration-method after">
                <span class="method-name">testResult([TestResult name=testNavigationToPaymentPage status=SUCCESS method=TestHabcoPage.testNavigationToPay...)</span>
                <span class="method-start">19069 ms</span>
              </div> <!-- configuration-method after -->
              <div class="test-method">
                <span class="method-name">testPaymentProcess</span>
                <span class="method-start">19071 ms</span>
              </div> <!-- test-method -->
              <div class="configuration-method after">
                <span class="method-name">testResult([TestResult name=testPaymentProcess status=SUCCESS method=TestHabcoPage.testPaymentProcess()[pri:0, ...)</span>
                <span class="method-start">22295 ms</span>
              </div> <!-- configuration-method after -->
              <div class="test-method">
                <img src="failed.png">
                </img>
                <span class="method-name">testSuccessfullPayment</span>
                <span class="method-start">22297 ms</span>
              </div> <!-- test-method -->
              <div class="configuration-method after">
                <span class="method-name">testResult([TestResult name=testSuccessfullPayment status=FAILURE method=TestHabcoPage.testSuccessfullPayment()...)</span>
                <span class="method-start">43473 ms</span>
              </div> <!-- configuration-method after -->
              <div class="configuration-class after">
                <span class="method-name">close</span>
                <span class="method-start">43675 ms</span>
              </div> <!-- configuration-class after -->
            </div> <!-- chronological-class -->
            <div class="chronological-class">
              <div class="chronological-class-name">com.Remosys.Wevend.TestLayer.TestGumBallPage</div> <!-- chronological-class-name -->
              <div class="configuration-class before">
                <span class="method-name">setUp(chrome)</span>
                <span class="method-start">44284 ms</span>
              </div> <!-- configuration-class before -->
              <div class="test-method">
                <span class="method-name">testGumballLaunch</span>
                <span class="method-start">46579 ms</span>
              </div> <!-- test-method -->
              <div class="configuration-method after">
                <span class="method-name">testResult([TestResult name=testGumballLaunch status=SUCCESS method=TestGumBallPage.testGumballLaunch()[pri:0, ...)</span>
                <span class="method-start">48365 ms</span>
              </div> <!-- configuration-method after -->
              <div class="test-method">
                <span class="method-name">testAddToCartFunctionality</span>
                <span class="method-start">48367 ms</span>
              </div> <!-- test-method -->
              <div class="configuration-method after">
                <span class="method-name">testResult([TestResult name=testAddToCartFunctionality status=SUCCESS method=TestGumBallPage.testAddToCartFunct...)</span>
                <span class="method-start">51573 ms</span>
              </div> <!-- configuration-method after -->
              <div class="test-method">
                <span class="method-name">testNavigationToCheckoutPage</span>
                <span class="method-start">51575 ms</span>
              </div> <!-- test-method -->
              <div class="configuration-method after">
                <span class="method-name">testResult([TestResult name=testNavigationToCheckoutPage status=SUCCESS method=TestGumBallPage.testNavigationTo...)</span>
                <span class="method-start">52666 ms</span>
              </div> <!-- configuration-method after -->
              <div class="test-method">
                <span class="method-name">testNavigationToPaymentPage</span>
                <span class="method-start">52668 ms</span>
              </div> <!-- test-method -->
              <div class="configuration-method after">
                <span class="method-name">testResult([TestResult name=testNavigationToPaymentPage status=SUCCESS method=TestGumBallPage.testNavigationToP...)</span>
                <span class="method-start">57443 ms</span>
              </div> <!-- configuration-method after -->
              <div class="test-method">
                <span class="method-name">testPaymentProcess</span>
                <span class="method-start">57447 ms</span>
              </div> <!-- test-method -->
              <div class="configuration-method after">
                <span class="method-name">testResult([TestResult name=testPaymentProcess status=SUCCESS method=TestGumBallPage.testPaymentProcess()[pri:0...)</span>
                <span class="method-start">58452 ms</span>
              </div> <!-- configuration-method after -->
              <div class="test-method">
                <img src="failed.png">
                </img>
                <span class="method-name">testSuccessfullPayment</span>
                <span class="method-start">58453 ms</span>
              </div> <!-- test-method -->
              <div class="configuration-method after">
                <span class="method-name">testResult([TestResult name=testSuccessfullPayment status=FAILURE method=TestGumBallPage.testSuccessfullPayment...)</span>
                <span class="method-start">79609 ms</span>
              </div> <!-- configuration-method after -->
              <div class="configuration-class after">
                <span class="method-name">close</span>
                <span class="method-start">79822 ms</span>
              </div> <!-- configuration-class after -->
            </div> <!-- chronological-class -->
            <div class="chronological-class">
              <div class="chronological-class-name">com.Remosys.Wevend.TestLayer.TestHabcoPage</div> <!-- chronological-class-name -->
              <div class="configuration-suite after">
                <span class="method-name">closeReporter</span>
                <span class="method-start">80268 ms</span>
              </div> <!-- configuration-suite after -->
          </div> <!-- main-panel-content rounded-window-bottom -->
        </div> <!-- panel -->
      </div> <!-- main-panel-root -->
    </div> <!-- wrapper -->
  </body>
<script type="text/javascript" src="testng-reports2.js"></script>
</html>
